[11824:1920:0325/093723.718:WARNING:chrome_main_delegate.cc(745)] This is Chrome version 128.0.6613.138 (not a warning)
[11824:1920:0325/093723.743:ERROR:os_crypt_win.cc(100)] Failed to decrypt: Key not valid for use in specified state. (0x8009000B)
[11824:38052:0325/093723.790:ERROR:google_update_settings.cc(265)] Failed opening key Software\Chromium to set usagestats; result: 5
[11824:1920:0325/093723.840:WARNING:account_consistency_mode_manager.cc(77)] Desktop Identity Consistency cannot be enabled as no OAuth client ID and client secret have been configured.
[11824:13232:0325/093726.324:WARNING:leveldb_database.cc(141)] Unable to open C:\Users\farah\OneDrive\Desktop\Projects\475Project\Redirected-Walking-in-Unknown-Environments\RWIUE_COMP475\Saved\webcache_6613\Default\shared_proto_db\metadata: IO error: C:\Users\farah\OneDrive\Desktop\Projects\475Project\Redirected-Walking-in-Unknown-Environments\RWIUE_COMP475\Saved\webcache_6613\Default\shared_proto_db\metadata/MANIFEST-000001: Unable to create sequential file (ChromeMethodBFE: 7::NewSequentialFile::1)
[11824:13232:0325/093726.328:WARNING:leveldb_database.cc(141)] Unable to open C:\Users\farah\OneDrive\Desktop\Projects\475Project\Redirected-Walking-in-Unknown-Environments\RWIUE_COMP475\Saved\webcache_6613\Default\shared_proto_db\metadata: IO error: C:\Users\farah\OneDrive\Desktop\Projects\475Project\Redirected-Walking-in-Unknown-Environments\RWIUE_COMP475\Saved\webcache_6613\Default\shared_proto_db\metadata/MANIFEST-000001: Unable to create sequential file (ChromeMethodBFE: 7::NewSequentialFile::1)
[11824:13232:0325/093726.331:WARNING:leveldb_database.cc(141)] Unable to open C:\Users\farah\OneDrive\Desktop\Projects\475Project\Redirected-Walking-in-Unknown-Environments\RWIUE_COMP475\Saved\webcache_6613\Default\shared_proto_db\metadata: IO error: C:\Users\farah\OneDrive\Desktop\Projects\475Project\Redirected-Walking-in-Unknown-Environments\RWIUE_COMP475\Saved\webcache_6613\Default\shared_proto_db\metadata/MANIFEST-000001: Unable to create sequential file (ChromeMethodBFE: 7::NewSequentialFile::1)
[11824:13232:0325/093726.334:WARNING:leveldb_database.cc(141)] Unable to open C:\Users\farah\OneDrive\Desktop\Projects\475Project\Redirected-Walking-in-Unknown-Environments\RWIUE_COMP475\Saved\webcache_6613\Default\shared_proto_db\metadata: IO error: C:\Users\farah\OneDrive\Desktop\Projects\475Project\Redirected-Walking-in-Unknown-Environments\RWIUE_COMP475\Saved\webcache_6613\Default\shared_proto_db\metadata/MANIFEST-000001: Unable to create sequential file (ChromeMethodBFE: 7::NewSequentialFile::1)
[11824:43636:0325/093726.711:WARNING:value_store_frontend.cc(47)] Reading ahfgeienlihckogmohjhadlkjgocpleb.alarms from  failed: IO error: .../MANIFEST-000001: Unable to create sequential file (ChromeMethodBFE: 7::NewSequentialFile::1)
[11824:43636:0325/093726.714:WARNING:value_store_frontend.cc(47)] Reading mhjfbmdgcfjbbpaeojofohoefgiehjai.alarms from  failed: IO error: .../MANIFEST-000001: Unable to create sequential file (ChromeMethodBFE: 7::NewSequentialFile::1)
[38352:10556:0325/093726.747:WARNING:backend_impl.cc(1764)] Destroying invalid entry.
[16960:36440:0325/093727.078:WARNING:frame_impl.cc(430)] virtual CefFrameImpl::SendProcessMessage sent to detached frame 5-FF341CD89DD5DA33ED755B5C8E5B8AF3 will be ignored
[38352:10556:0325/093727.147:WARNING:backend_impl.cc(1543)] Messed up entry found.
[38352:10556:0325/093727.161:ERROR:backend_impl.cc(989)] Critical error found -8
[38352:10556:0325/093727.161:WARNING:storage_block-inl.h(138)] Failed data load.
[38352:10556:0325/093727.161:ERROR:entry_impl.cc(1029)] No file for c1030012
[38352:10556:0325/093727.161:WARNING:storage_block-inl.h(138)] Failed data load.
[38352:10556:0325/093727.210:WARNING:storage_block-inl.h(138)] Failed data load.
[38352:10556:0325/093727.210:WARNING:storage_block-inl.h(138)] Failed data load.
[38352:10556:0325/093727.210:WARNING:storage_block-inl.h(138)] Failed data load.
[38352:10556:0325/093727.210:WARNING:storage_block-inl.h(138)] Failed data load.
[38352:10556:0325/093727.210:WARNING:storage_block-inl.h(138)] Failed data load.
[38352:10556:0325/093727.210:WARNING:storage_block-inl.h(138)] Failed data load.
[38352:10556:0325/093727.211:ERROR:entry_impl.cc(955)] Failed to save user data
[38352:10556:0325/093727.211:ERROR:entry_impl.cc(955)] Failed to save user data
[38352:10556:0325/093727.219:WARNING:storage_block-inl.h(138)] Failed data load.
[38352:10556:0325/093727.219:WARNING:storage_block-inl.h(138)] Failed data load.
[38352:10556:0325/093727.219:WARNING:storage_block-inl.h(138)] Failed data load.
[38352:10556:0325/093727.219:WARNING:storage_block-inl.h(138)] Failed data load.
[38352:10556:0325/093727.220:WARNING:storage_block-inl.h(138)] Failed data load.
[38352:10556:0325/093727.220:WARNING:storage_block-inl.h(138)] Failed data load.
[38352:10556:0325/093727.220:WARNING:storage_block-inl.h(138)] Failed data load.
[38352:10556:0325/093727.220:WARNING:storage_block-inl.h(138)] Failed data load.
[38352:10556:0325/093727.220:WARNING:storage_block-inl.h(138)] Failed data load.
[38352:10556:0325/093727.220:WARNING:storage_block-inl.h(138)] Failed data load.
[38352:10556:0325/093727.220:WARNING:storage_block-inl.h(138)] Failed data load.
[38352:10556:0325/093727.220:WARNING:storage_block-inl.h(138)] Failed data load.
[38352:10556:0325/093727.220:WARNING:storage_block-inl.h(138)] Failed data load.
[38352:10556:0325/093727.221:WARNING:storage_block-inl.h(138)] Failed data load.
[38352:10556:0325/093727.221:WARNING:storage_block-inl.h(138)] Failed data load.
[38352:10556:0325/093727.221:WARNING:storage_block-inl.h(138)] Failed data load.
[38352:10556:0325/093727.221:WARNING:storage_block-inl.h(138)] Failed data load.
[38352:10556:0325/093727.221:WARNING:storage_block-inl.h(138)] Failed data load.
[38352:10556:0325/093727.221:ERROR:entry_impl.cc(955)] Failed to save user data
[38352:10556:0325/093727.221:ERROR:entry_impl.cc(955)] Failed to save user data
[38352:10556:0325/093727.221:ERROR:entry_impl.cc(955)] Failed to save user data
[38352:10556:0325/093727.221:ERROR:entry_impl.cc(955)] Failed to save user data
[38352:10556:0325/093727.224:WARNING:storage_block-inl.h(138)] Failed data load.
[38352:10556:0325/093727.224:WARNING:storage_block-inl.h(138)] Failed data load.
[38352:10556:0325/093727.224:WARNING:storage_block-inl.h(138)] Failed data load.
[38352:10556:0325/093727.224:WARNING:storage_block-inl.h(138)] Failed data load.
[38352:10556:0325/093727.224:WARNING:storage_block-inl.h(138)] Failed data load.
[38352:10556:0325/093727.224:WARNING:storage_block-inl.h(138)] Failed data load.
[38352:10556:0325/093727.224:ERROR:entry_impl.cc(955)] Failed to save user data
[38352:10556:0325/093727.224:ERROR:entry_impl.cc(955)] Failed to save user data
[38352:10556:0325/093727.226:WARNING:storage_block-inl.h(138)] Failed data load.
[38352:10556:0325/093727.226:WARNING:storage_block-inl.h(138)] Failed data load.
[38352:10556:0325/093727.226:WARNING:storage_block-inl.h(138)] Failed data load.
[38352:10556:0325/093727.226:WARNING:storage_block-inl.h(138)] Failed data load.
[38352:10556:0325/093727.227:WARNING:storage_block-inl.h(138)] Failed data load.
[38352:10556:0325/093727.227:WARNING:storage_block-inl.h(138)] Failed data load.
[38352:10556:0325/093727.235:WARNING:storage_block-inl.h(138)] Failed data load.
[38352:10556:0325/093727.235:WARNING:storage_block-inl.h(138)] Failed data load.
[38352:10556:0325/093727.236:ERROR:entry_impl.cc(955)] Failed to save user data
[38352:10556:0325/093727.242:WARNING:storage_block-inl.h(138)] Failed data load.
[38352:10556:0325/093727.242:WARNING:storage_block-inl.h(138)] Failed data load.
[38352:10556:0325/093727.243:ERROR:entry_impl.cc(955)] Failed to save user data
[38352:10556:0325/093727.287:WARNING:storage_block-inl.h(138)] Failed data load.
[38352:10556:0325/093727.287:WARNING:storage_block-inl.h(138)] Failed data load.
[38352:10556:0325/093727.287:WARNING:storage_block-inl.h(138)] Failed data load.
[38352:10556:0325/093727.345:WARNING:storage_block-inl.h(138)] Failed data load.
[38352:10556:0325/093727.345:WARNING:storage_block-inl.h(138)] Failed data load.
[38352:10556:0325/093727.345:WARNING:storage_block-inl.h(138)] Failed data load.
[38352:10556:0325/093727.345:WARNING:storage_block-inl.h(138)] Failed data load.
[38352:10556:0325/093727.347:WARNING:storage_block-inl.h(138)] Failed data load.
[38352:10556:0325/093727.347:WARNING:storage_block-inl.h(138)] Failed data load.
[38352:10556:0325/093727.347:ERROR:entry_impl.cc(955)] Failed to save user data
[38352:10556:0325/093727.347:ERROR:entry_impl.cc(955)] Failed to save user data
[38352:10556:0325/093727.348:ERROR:entry_impl.cc(955)] Failed to save user data
[38352:10556:0325/093727.348:ERROR:entry_impl.cc(955)] Failed to save user data
[38352:45684:0325/093730.726:ERROR:ssl_client_socket_impl.cc(882)] handshake failed; returned -1, SSL error code 1, net_error -100
[38352:45684:0325/093730.726:ERROR:ssl_client_socket_impl.cc(882)] handshake failed; returned -1, SSL error code 1, net_error -100
[38352:45684:0325/093730.726:ERROR:ssl_client_socket_impl.cc(882)] handshake failed; returned -1, SSL error code 1, net_error -107
[38352:45684:0325/093730.745:ERROR:ssl_client_socket_impl.cc(882)] handshake failed; returned -1, SSL error code 1, net_error -100
[38352:45684:0325/093730.746:ERROR:ssl_client_socket_impl.cc(882)] handshake failed; returned -1, SSL error code 1, net_error -107
[38352:45684:0325/093730.746:ERROR:ssl_client_socket_impl.cc(882)] handshake failed; returned -1, SSL error code 1, net_error -100
[38352:45684:0325/093730.756:ERROR:ssl_client_socket_impl.cc(882)] handshake failed; returned -1, SSL error code 1, net_error -107
[38352:45684:0325/093730.788:ERROR:ssl_client_socket_impl.cc(882)] handshake failed; returned -1, SSL error code 1, net_error -100
[38352:45684:0325/093739.724:ERROR:ssl_client_socket_impl.cc(882)] handshake failed; returned -1, SSL error code 1, net_error -100
[38352:45684:0325/093740.489:ERROR:ssl_client_socket_impl.cc(882)] handshake failed; returned -1, SSL error code 1, net_error -100
[38352:45684:0325/093741.946:ERROR:ssl_client_socket_impl.cc(882)] handshake failed; returned -1, SSL error code 1, net_error -100
[38352:45684:0325/093743.554:ERROR:ssl_client_socket_impl.cc(882)] handshake failed; returned -1, SSL error code 1, net_error -100
[38352:45684:0325/093750.812:ERROR:ssl_client_socket_impl.cc(882)] handshake failed; returned -1, SSL error code 1, net_error -100
[38352:45684:0325/093751.837:ERROR:ssl_client_socket_impl.cc(882)] handshake failed; returned -1, SSL error code 1, net_error -107
[38352:45684:0325/093753.580:ERROR:ssl_client_socket_impl.cc(882)] handshake failed; returned -1, SSL error code 1, net_error -100
[38352:45684:0325/093755.016:ERROR:ssl_client_socket_impl.cc(882)] handshake failed; returned -1, SSL error code 1, net_error -107
[11824:1920:0325/100421.428:WARNING:pref_notifier_impl.cc(41)] Pref observer for media_router.cast_allow_all_ips found at shutdown.
